2023-01-09 17:23:53,840 1037 [main] INFO  com.spotify.baseutil.BaseTest - Folder creation for Extent
2023-01-09 17:23:53,847 1044 [main] INFO  com.spotify.baseutil.BaseTest - ExtentDir:-C:\Users\SHIVANANDA T S\workspace\Spotify_Api_Framework/reports/Automation Report- 01_09_2023_17_23_53
2023-01-09 17:23:54,008 1205 [main] INFO  com.spotify.baseutil.BaseTest - Report Initiated
2023-01-09 17:23:54,009 1206 [main] INFO  com.spotify.baseutil.BaseTest - Screenshot folder created
2023-01-09 17:23:54,010 1207 [main] INFO  com.spotify.baseutil.BaseTest - Folder creation for Extent
2023-01-09 17:23:54,016 1213 [main] INFO  com.spotify.baseutil.BaseTest - ExtentDir:-C:\Users\SHIVANANDA T S\workspace\Spotify_Api_Framework/reports/Automation Report- 01_09_2023_17_23_54
2023-01-09 17:23:54,027 1224 [main] INFO  com.spotify.baseutil.BaseTest - Report Initiated
2023-01-09 17:23:54,028 1225 [main] INFO  com.spotify.baseutil.BaseTest - Screenshot folder created
2023-01-09 17:23:56,004 3201 [main] DEBUG i.r.i.RequestSpecificationImpl$RestAssuredHttpBuilder - Parsing response as: application/json; charset=utf-8
2023-01-09 17:23:56,008 3205 [main] DEBUG i.r.i.RequestSpecificationImpl$RestAssuredHttpBuilder - Parsed data to instance of: class org.apache.http.conn.EofSensorInputStream
2023-01-09 17:23:56,261 3458 [main] INFO  com.spotify.baseutil.BaseTest - Status code is: 200
2023-01-09 17:23:56,266 3463 [main] INFO  com.spotify.baseutil.BaseTest - Content type is: application/json
2023-01-09 17:23:56,311 3508 [main] INFO  com.spotify.baseutil.BaseTest - Response time is less than: 2000
2023-01-09 17:23:56,731 3928 [main] DEBUG i.r.i.RequestSpecificationImpl$RestAssuredHttpBuilder - Parsing response as: application/json; charset=utf-8
2023-01-09 17:23:56,732 3929 [main] DEBUG i.r.i.RequestSpecificationImpl$RestAssuredHttpBuilder - Parsed data to instance of: class org.apache.http.conn.EofSensorInputStream
2023-01-09 17:23:56,761 3958 [main] INFO  com.spotify.baseutil.BaseTest - Status code is: 200
2023-01-09 17:23:56,762 3959 [main] INFO  com.spotify.baseutil.BaseTest - Content type is: application/json
2023-01-09 17:23:56,764 3961 [main] INFO  com.spotify.baseutil.BaseTest - Response time is less than: 2000
2023-01-09 17:23:57,145 4342 [main] DEBUG i.r.i.RequestSpecificationImpl$RestAssuredHttpBuilder - Parsing response as: application/json; charset=utf-8
2023-01-09 17:23:57,146 4343 [main] DEBUG i.r.i.RequestSpecificationImpl$RestAssuredHttpBuilder - Parsed data to instance of: class org.apache.http.conn.EofSensorInputStream
2023-01-09 17:23:57,221 4418 [main] INFO  com.spotify.baseutil.BaseTest - Status code is: 200
2023-01-09 17:23:57,224 4421 [main] INFO  com.spotify.baseutil.BaseTest - Content type is: application/json
2023-01-09 17:23:57,226 4423 [main] INFO  com.spotify.baseutil.BaseTest - Response time is less than: 2000
2023-01-09 17:23:57,594 4791 [main] DEBUG i.r.i.RequestSpecificationImpl$RestAssuredHttpBuilder - Parsing response as: application/json; charset=utf-8
2023-01-09 17:23:57,595 4792 [main] DEBUG i.r.i.RequestSpecificationImpl$RestAssuredHttpBuilder - Parsed data to instance of: class org.apache.http.conn.EofSensorInputStream
2023-01-09 17:23:57,603 4800 [main] INFO  com.spotify.baseutil.BaseTest - Status code is: 200
2023-01-09 17:23:57,604 4801 [main] INFO  com.spotify.baseutil.BaseTest - Content type is: application/json
2023-01-09 17:23:57,609 4806 [main] INFO  com.spotify.baseutil.BaseTest - Response time is less than: 2000
